<?xml version="1.0" encoding="UTF-8"?>
<!-- Generated by org.testng.reporters.JUnitReportReporter -->
<testsuite hostname="DESKTOP-705T4MV" failures="0" tests="1" name="Testriq.BBC.BbcTest" time="73.137" errors="0" timestamp="27 Mar 2023 09:09:02 GMT" skipped="0">
  <testcase classname="Testriq.BBC.BbcTest" name="testBBC" time="73.137"/>
</testsuite> <!-- Testriq.BBC.BbcTest -->
