<?xml version="1.0" encoding="UTF-8"?>
<!-- Generated by org.testng.reporters.JUnitReportReporter -->
<testsuite hostname="DESKTOP-705T4MV" failures="0" tests="1" name="Testriq.BBC.AppTest" time="0.010" errors="0" timestamp="27 Mar 2023 09:09:03 GMT" skipped="0">
  <testcase classname="Testriq.BBC.AppTest" name="shouldAnswerWithTrue" time="0.010"/>
</testsuite> <!-- Testriq.BBC.AppTest -->
