<?xml version="1.0" encoding="UTF-8"?>
<!-- Generated by org.testng.reporters.JUnitReportReporter -->
<testsuite skipped="0" hostname="DESKTOP-9VEPR1M" name="corejava.Log4jDemo" tests="1" failures="0" timestamp="22 Jun 2022 04:19:22 GMT" time="0.012" errors="0">
  <testcase name="log4jTest" time="0.012" classname="corejava.Log4jDemo"/>
</testsuite> <!-- corejava.Log4jDemo -->
