<?xml version="1.0" encoding="UTF-8"?>
<!-- Generated by org.testng.reporters.JUnitReportReporter -->
<testsuite skipped="0" hostname="DESKTOP-9VEPR1M" name="Testriq.BBC.BbcTest" tests="1" failures="0" timestamp="28 Feb 2022 12:19:25 GMT" time="24.753" errors="0">
  <testcase name="testBBC" time="24.753" classname="Testriq.BBC.BbcTest"/>
</testsuite> <!-- Testriq.BBC.BbcTest -->
